c:\users\nicol\git\setr-windows\app1\x64\debug\app1.pch
c:\users\nicol\git\setr-windows\app1\x64\debug\vc142.pdb
c:\users\nicol\git\setr-windows\app1\x64\debug\vc142.idb
c:\users\nicol\git\setr-windows\app1\x64\debug\pch.obj
c:\users\nicol\git\setr-windows\app1\x64\debug\mote.obj
c:\users\nicol\git\setr-windows\app1\x64\debug\gps.obj
c:\users\nicol\git\setr-windows\app1\x64\debug\xamltypeinfo.impl.g.obj
c:\users\nicol\git\setr-windows\app1\x64\debug\mainpage.xaml.obj
c:\users\nicol\git\setr-windows\app1\x64\debug\conversionsmaison.obj
c:\users\nicol\git\setr-windows\app1\x64\debug\app.xaml.obj
c:\users\nicol\git\setr-windows\app1\x64\debug\motesrequest.obj
c:\users\nicol\git\setr-windows\app1\x64\debug\xamltypeinfo.g.obj
c:\users\nicol\git\setr-windows\app1\x64\debug\app1.tlog\app1.winmd.lastbuild
c:\users\nicol\git\setr-windows\app1\x64\debug\xamlsavestatefile.xml
c:\users\nicol\git\setr-windows\x64\debug\app1\app1.pdb
c:\users\nicol\git\setr-windows\app1\x64\debug\app1.tlog\cl.command.1.tlog
c:\users\nicol\git\setr-windows\app1\x64\debug\app1.tlog\cl.read.1.tlog
c:\users\nicol\git\setr-windows\app1\x64\debug\app1.tlog\cl.write.1.tlog
c:\users\nicol\git\setr-windows\app1\x64\debug\app1.tlog\link.command.1.tlog
c:\users\nicol\git\setr-windows\app1\x64\debug\app1.tlog\link.read.1.tlog
c:\users\nicol\git\setr-windows\app1\x64\debug\app1.tlog\link.write.1.tlog
c:\users\nicol\git\setr-windows\app1\x64\debug\app1.tlog\xaml.read.1u.tlog
c:\users\nicol\git\setr-windows\app1\generated files\app.g.h
c:\users\nicol\git\setr-windows\app1\generated files\mainpage.g.h
c:\users\nicol\git\setr-windows\app1\generated files\xamlbindinginfo.g.h
c:\users\nicol\git\setr-windows\app1\generated files\xamltypeinfo.g.h
c:\users\nicol\git\setr-windows\app1\generated files\xamllibmetadataprovider.g.cpp
c:\users\nicol\git\setr-windows\app1\generated files\xamltypeinfo.g.cpp
c:\users\nicol\git\setr-windows\app1\generated files\xamltypeinfo.impl.g.cpp
c:\users\nicol\git\setr-windows\app1\generated files\app.xaml
c:\users\nicol\git\setr-windows\app1\generated files\mainpage.xaml
